docker compose up -d
time="2026-02-26T00:09:46Z" level=warning msg="/Volumes/Disk-D/Aether_Repos/emergent/docker-compose.yml: the attribute `version` is obsolete, it will be ignored, please remove it to avoid potential confusion"
 Network emergent_secure_net  Creating
 Network emergent_secure_net  Created
 Container unbound  Creating
 Container torproxy  Creating
 Container headscale  Creating
 Container dockerproxy  Creating
 Container dockerproxy  Created
 Container unbound  Created
 Container headscale  Created
 Container adguardhome  Creating
 Container torproxy  Created
 Container adguardhome  Created
 Container headscale  Starting
 Container dockerproxy  Starting
 Container torproxy  Starting
 Container unbound  Starting
 Container unbound  Started
 Container adguardhome  Starting
 Container dockerproxy  Started
 Container torproxy  Started
 Container headscale  Started
 Container adguardhome  Started
